/home/matsunaga-h/yolov8/install/yolov8_ros/lib/python3.10/site-packages/yolov8_ros/yolo_node.py
/home/matsunaga-h/yolov8/install/yolov8_ros/lib/python3.10/site-packages/yolov8_ros/test_yolo_node.py
/home/matsunaga-h/yolov8/install/yolov8_ros/lib/python3.10/site-packages/yolov8_ros/object_detection_node.py
/home/matsunaga-h/yolov8/install/yolov8_ros/lib/python3.10/site-packages/yolov8_ros/yolo_3d_node.py
/home/matsunaga-h/yolov8/install/yolov8_ros/lib/python3.10/site-packages/yolov8_ros/__init__.py
/home/matsunaga-h/yolov8/install/yolov8_ros/lib/python3.10/site-packages/yolov8_ros/__pycache__/yolo_node.cpython-310.pyc
/home/matsunaga-h/yolov8/install/yolov8_ros/lib/python3.10/site-packages/yolov8_ros/__pycache__/test_yolo_node.cpython-310.pyc
/home/matsunaga-h/yolov8/install/yolov8_ros/lib/python3.10/site-packages/yolov8_ros/__pycache__/object_detection_node.cpython-310.pyc
/home/matsunaga-h/yolov8/install/yolov8_ros/lib/python3.10/site-packages/yolov8_ros/__pycache__/yolo_3d_node.cpython-310.pyc
/home/matsunaga-h/yolov8/install/yolov8_ros/lib/python3.10/site-packages/yolov8_ros/__pycache__/__init__.cpython-310.pyc
/home/matsunaga-h/yolov8/install/yolov8_ros/share/ament_index/resource_index/packages/yolov8_ros
/home/matsunaga-h/yolov8/install/yolov8_ros/share/yolov8_ros/package.xml
/home/matsunaga-h/yolov8/install/yolov8_ros/lib/python3.10/site-packages/yolov8_ros-0.0.0-py3.10.egg-info/top_level.txt
/home/matsunaga-h/yolov8/install/yolov8_ros/lib/python3.10/site-packages/yolov8_ros-0.0.0-py3.10.egg-info/entry_points.txt
/home/matsunaga-h/yolov8/install/yolov8_ros/lib/python3.10/site-packages/yolov8_ros-0.0.0-py3.10.egg-info/requires.txt
/home/matsunaga-h/yolov8/install/yolov8_ros/lib/python3.10/site-packages/yolov8_ros-0.0.0-py3.10.egg-info/SOURCES.txt
/home/matsunaga-h/yolov8/install/yolov8_ros/lib/python3.10/site-packages/yolov8_ros-0.0.0-py3.10.egg-info/dependency_links.txt
/home/matsunaga-h/yolov8/install/yolov8_ros/lib/python3.10/site-packages/yolov8_ros-0.0.0-py3.10.egg-info/PKG-INFO
/home/matsunaga-h/yolov8/install/yolov8_ros/lib/python3.10/site-packages/yolov8_ros-0.0.0-py3.10.egg-info/zip-safe
/home/matsunaga-h/yolov8/install/yolov8_ros/lib/yolov8_ros/object_detection_node
/home/matsunaga-h/yolov8/install/yolov8_ros/lib/yolov8_ros/test_yolo_node
/home/matsunaga-h/yolov8/install/yolov8_ros/lib/yolov8_ros/yolo_3d_node
/home/matsunaga-h/yolov8/install/yolov8_ros/lib/yolov8_ros/yolo_node
