[0.229s] Invoking command in '/home/matsunaga-h/yolov8/yolo_ws/src/yolov8_ros': PYTHONPATH=/home/matsunaga-h/yolov8/build/yolov8_ros/prefix_override:/usr/lib/python3/dist-packages/colcon_core/task/python/colcon_distutils_commands:/home/matsunaga-h/yolov8/install/yolov8_ros/lib/python3.10/site-packages: /usr/bin/python3 -W ignore:setup.py install is deprecated -W ignore:easy_install command is deprecated setup.py egg_info --egg-base ../../../build/yolov8_ros build --build-base /home/matsunaga-h/yolov8/build/yolov8_ros/build install --record /home/matsunaga-h/yolov8/build/yolov8_ros/install.log --single-version-externally-managed install_data
[0.313s] running egg_info
[0.313s] creating ../../../build/yolov8_ros/yolov8_ros.egg-info
[0.313s] writing ../../../build/yolov8_ros/yolov8_ros.egg-info/PKG-INFO
[0.313s] writing dependency_links to ../../../build/yolov8_ros/yolov8_ros.egg-info/dependency_links.txt
[0.313s] writing entry points to ../../../build/yolov8_ros/yolov8_ros.egg-info/entry_points.txt
[0.313s] writing requirements to ../../../build/yolov8_ros/yolov8_ros.egg-info/requires.txt
[0.313s] writing top-level names to ../../../build/yolov8_ros/yolov8_ros.egg-info/top_level.txt
[0.314s] writing manifest file '../../../build/yolov8_ros/yolov8_ros.egg-info/SOURCES.txt'
[0.314s] reading manifest file '../../../build/yolov8_ros/yolov8_ros.egg-info/SOURCES.txt'
[0.314s] writing manifest file '../../../build/yolov8_ros/yolov8_ros.egg-info/SOURCES.txt'
[0.315s] running build
[0.315s] running build_py
[0.315s] creating /home/matsunaga-h/yolov8/build/yolov8_ros/build
[0.315s] creating /home/matsunaga-h/yolov8/build/yolov8_ros/build/lib
[0.315s] creating /home/matsunaga-h/yolov8/build/yolov8_ros/build/lib/yolov8_ros
[0.315s] copying yolov8_ros/yolo_node.py -> /home/matsunaga-h/yolov8/build/yolov8_ros/build/lib/yolov8_ros
[0.315s] copying yolov8_ros/test_yolo_node.py -> /home/matsunaga-h/yolov8/build/yolov8_ros/build/lib/yolov8_ros
[0.315s] copying yolov8_ros/object_detection_node.py -> /home/matsunaga-h/yolov8/build/yolov8_ros/build/lib/yolov8_ros
[0.315s] copying yolov8_ros/yolo_3d_node.py -> /home/matsunaga-h/yolov8/build/yolov8_ros/build/lib/yolov8_ros
[0.315s] copying yolov8_ros/__init__.py -> /home/matsunaga-h/yolov8/build/yolov8_ros/build/lib/yolov8_ros
[0.315s] running install
[0.315s] running install_lib
[0.315s] creating /home/matsunaga-h/yolov8/install/yolov8_ros/lib/python3.10/site-packages/yolov8_ros
[0.315s] copying /home/matsunaga-h/yolov8/build/yolov8_ros/build/lib/yolov8_ros/yolo_node.py -> /home/matsunaga-h/yolov8/install/yolov8_ros/lib/python3.10/site-packages/yolov8_ros
[0.315s] copying /home/matsunaga-h/yolov8/build/yolov8_ros/build/lib/yolov8_ros/test_yolo_node.py -> /home/matsunaga-h/yolov8/install/yolov8_ros/lib/python3.10/site-packages/yolov8_ros
[0.315s] copying /home/matsunaga-h/yolov8/build/yolov8_ros/build/lib/yolov8_ros/object_detection_node.py -> /home/matsunaga-h/yolov8/install/yolov8_ros/lib/python3.10/site-packages/yolov8_ros
[0.316s] copying /home/matsunaga-h/yolov8/build/yolov8_ros/build/lib/yolov8_ros/yolo_3d_node.py -> /home/matsunaga-h/yolov8/install/yolov8_ros/lib/python3.10/site-packages/yolov8_ros
[0.316s] copying /home/matsunaga-h/yolov8/build/yolov8_ros/build/lib/yolov8_ros/__init__.py -> /home/matsunaga-h/yolov8/install/yolov8_ros/lib/python3.10/site-packages/yolov8_ros
[0.316s] byte-compiling /home/matsunaga-h/yolov8/install/yolov8_ros/lib/python3.10/site-packages/yolov8_ros/yolo_node.py to yolo_node.cpython-310.pyc
[0.317s] byte-compiling /home/matsunaga-h/yolov8/install/yolov8_ros/lib/python3.10/site-packages/yolov8_ros/test_yolo_node.py to test_yolo_node.cpython-310.pyc
[0.318s] byte-compiling /home/matsunaga-h/yolov8/install/yolov8_ros/lib/python3.10/site-packages/yolov8_ros/object_detection_node.py to object_detection_node.cpython-310.pyc
[0.318s] byte-compiling /home/matsunaga-h/yolov8/install/yolov8_ros/lib/python3.10/site-packages/yolov8_ros/yolo_3d_node.py to yolo_3d_node.cpython-310.pyc
[0.319s] byte-compiling /home/matsunaga-h/yolov8/install/yolov8_ros/lib/python3.10/site-packages/yolov8_ros/__init__.py to __init__.cpython-310.pyc
[0.320s] running install_data
[0.320s] creating /home/matsunaga-h/yolov8/install/yolov8_ros/share/ament_index
[0.320s] creating /home/matsunaga-h/yolov8/install/yolov8_ros/share/ament_index/resource_index
[0.320s] creating /home/matsunaga-h/yolov8/install/yolov8_ros/share/ament_index/resource_index/packages
[0.320s] copying resource/yolov8_ros -> /home/matsunaga-h/yolov8/install/yolov8_ros/share/ament_index/resource_index/packages
[0.320s] copying package.xml -> /home/matsunaga-h/yolov8/install/yolov8_ros/share/yolov8_ros
[0.320s] running install_egg_info
[0.321s] Copying ../../../build/yolov8_ros/yolov8_ros.egg-info to /home/matsunaga-h/yolov8/install/yolov8_ros/lib/python3.10/site-packages/yolov8_ros-0.0.0-py3.10.egg-info
[0.321s] running install_scripts
[0.334s] Installing object_detection_node script to /home/matsunaga-h/yolov8/install/yolov8_ros/lib/yolov8_ros
[0.334s] Installing test_yolo_node script to /home/matsunaga-h/yolov8/install/yolov8_ros/lib/yolov8_ros
[0.334s] Installing yolo_3d_node script to /home/matsunaga-h/yolov8/install/yolov8_ros/lib/yolov8_ros
[0.334s] Installing yolo_node script to /home/matsunaga-h/yolov8/install/yolov8_ros/lib/yolov8_ros
[0.334s] writing list of installed files to '/home/matsunaga-h/yolov8/build/yolov8_ros/install.log'
[0.347s] Invoked command in '/home/matsunaga-h/yolov8/yolo_ws/src/yolov8_ros' returned '0': PYTHONPATH=/home/matsunaga-h/yolov8/build/yolov8_ros/prefix_override:/usr/lib/python3/dist-packages/colcon_core/task/python/colcon_distutils_commands:/home/matsunaga-h/yolov8/install/yolov8_ros/lib/python3.10/site-packages: /usr/bin/python3 -W ignore:setup.py install is deprecated -W ignore:easy_install command is deprecated setup.py egg_info --egg-base ../../../build/yolov8_ros build --build-base /home/matsunaga-h/yolov8/build/yolov8_ros/build install --record /home/matsunaga-h/yolov8/build/yolov8_ros/install.log --single-version-externally-managed install_data
